<?xml version="1.0" encoding="UTF-8"?>
<!-- Generated by org.testng.reporters.JUnitReportReporter -->
<testsuite hostname="ACAC0327.ipt.aol.com" name="androidTesting.AndroidSimulatorTestcase" tests="2" failures="0" timestamp="4 Feb 2016 10:02:25 GMT" time="72.925" errors="0">
  <testcase name="navigationMenuTest" time="72.158" classname="androidTesting.AndroidSimulatorTestcase"/>
  <testcase name="menuItems" time="0.767" classname="androidTesting.AndroidSimulatorTestcase"/>
</testsuite> <!-- androidTesting.AndroidSimulatorTestcase -->
