<?xml version="1.0" encoding="UTF-8"?>
<!-- Generated by org.testng.reporters.JUnitReportReporter -->
<testsuite hostname="ACAC04F9.ipt.aol.com" name="appleTesting.IphoneTestcase" tests="2" failures="0" timestamp="6 May 2016 14:25:44 GMT" time="20.887" errors="0">
  <testcase name="menuItems" time="5.949" classname="appleTesting.IphoneTestcase"/>
  <testcase name="navigationMenuTest" time="14.938" classname="appleTesting.IphoneTestcase"/>
</testsuite> <!-- appleTesting.IphoneTestcase -->
