<?xml version="1.0" encoding="UTF-8"?>
<!-- Generated by org.testng.reporters.JUnitReportReporter -->
<testsuite hostname="ACAC0A4D.ipt.aol.com" name="appleTesting.IpadTestcase" tests="1" failures="0" timestamp="19 Jan 2016 15:37:09 GMT" time="19.719" errors="0">
  <testcase name="menuItems" time="19.719" classname="appleTesting.IpadTestcase"/>
</testsuite> <!-- appleTesting.IpadTestcase -->
