<?xml version="1.0" encoding="UTF-8"?>
<!-- Generated by org.testng.reporters.JUnitReportReporter -->
<testsuite hostname="ACAC04F9.ipt.aol.com" name="appleTesting.IpadSimulatorTestcase" tests="1" failures="0" timestamp="6 May 2016 14:22:04 GMT" time="9.670" errors="0">
  <testcase name="menuItems" time="9.670" classname="appleTesting.IpadSimulatorTestcase"/>
</testsuite> <!-- appleTesting.IpadSimulatorTestcase -->
